<?xml version="1.0" encoding="UTF-8"?>
<!-- Generated by org.testng.reporters.JUnitReportReporter -->
<testsuite hostname="Shahroses-MBP.fios-router.home" failures="0" tests="2" name="Final.LogInTest" time="9.305" errors="0" timestamp="2021-07-23T15:11:02 EDT" skipped="0">
  <testcase classname="Final.LogInTest" name="Loginpage" time="4.984"/>
  <system-out/>
  <testcase classname="Final.LogInTest" name="Loginpage" time="4.321"/>
  <system-out/>
</testsuite> <!-- Final.LogInTest -->
