<?xml version="1.0" encoding="UTF-8"?>
<!-- Generated by org.testng.reporters.JUnitReportReporter -->
<testsuite hostname="Shahroses-MBP.fios-router.home" failures="0" tests="1" name="Final.landingpage" time="0.089" errors="0" timestamp="2021-07-23T15:23:41 EDT" skipped="0">
  <testcase classname="Final.landingpage" name="Landingpage" time="0.089"/>
  <system-out/>
</testsuite> <!-- Final.landingpage -->
